
Sat Mar 16 2024 17:27:26:790 GMT+0530 (India Standard Time) -- Starting configuration console on http://localhost:45454
Sat Mar 16 2024 17:27:29:79 GMT+0530 (India Standard Time) -- [SUCCESS] You can now access your local server(s) in our remote browser

Sat Mar 16 2024 17:27:29:286 GMT+0530 (India Standard Time) -- Press Ctrl-C to exit



Sat Mar 16 2024 17:31:53:393 GMT+0530 (India Standard Time) -- Starting configuration console on http://localhost:45454
Sat Mar 16 2024 17:31:54:334 GMT+0530 (India Standard Time) -- [SUCCESS] You can now access your local server(s) in our remote browser

Sat Mar 16 2024 17:31:54:440 GMT+0530 (India Standard Time) -- Press Ctrl-C to exit



Sat Mar 16 2024 17:45:39:265 GMT+0530 (India Standard Time) -- Starting configuration console on http://localhost:45454
Sat Mar 16 2024 17:45:43:300 GMT+0530 (India Standard Time) -- [SUCCESS] You can now access your local server(s) in our remote browser

Sat Mar 16 2024 17:45:47:998 GMT+0530 (India Standard Time) -- Press Ctrl-C to exit



Sat Mar 16 2024 17:50:27:471 GMT+0530 (India Standard Time) -- Starting configuration console on http://localhost:45454
Sat Mar 16 2024 17:50:29:115 GMT+0530 (India Standard Time) -- [SUCCESS] You can now access your local server(s) in our remote browser

Sat Mar 16 2024 17:50:29:490 GMT+0530 (India Standard Time) -- Press Ctrl-C to exit



Sat Mar 16 2024 23:00:54:496 GMT+0530 (India Standard Time) -- Starting configuration console on http://localhost:45454
Sat Mar 16 2024 23:00:54:626 GMT+0530 (India Standard Time) -- [SUCCESS] You can now access your local server(s) in our remote browser

Sat Mar 16 2024 23:00:54:818 GMT+0530 (India Standard Time) -- Press Ctrl-C to exit



Sat Mar 16 2024 23:03:14:495 GMT+0530 (India Standard Time) -- [SUCCESS] You can now access your local server(s) in our remote browser

Sat Mar 16 2024 23:03:14:681 GMT+0530 (India Standard Time) -- Press Ctrl-C to exit


Sat Mar 16 2024 23:03:15:357 GMT+0530 (India Standard Time) -- Starting configuration console on http://localhost:45454

Sat Mar 16 2024 23:29:06:877 GMT+0530 (India Standard Time) -- [SUCCESS] You can now access your local server(s) in our remote browser

Sat Mar 16 2024 23:29:07:54 GMT+0530 (India Standard Time) -- Press Ctrl-C to exit


Sat Mar 16 2024 23:29:07:733 GMT+0530 (India Standard Time) -- Starting configuration console on http://localhost:45454

Sat Mar 16 2024 23:31:39:976 GMT+0530 (India Standard Time) -- [SUCCESS] You can now access your local server(s) in our remote browser

Sat Mar 16 2024 23:31:40:725 GMT+0530 (India Standard Time) -- Press Ctrl-C to exit


Sat Mar 16 2024 23:31:41:58 GMT+0530 (India Standard Time) -- Starting configuration console on http://localhost:45454

Sat Mar 16 2024 23:33:38:540 GMT+0530 (India Standard Time) -- Starting configuration console on http://localhost:45454
Sat Mar 16 2024 23:33:44:338 GMT+0530 (India Standard Time) -- [SUCCESS] You can now access your local server(s) in our remote browser

Sat Mar 16 2024 23:33:44:431 GMT+0530 (India Standard Time) -- Press Ctrl-C to exit


Sat Mar 16 2024 23:33:55:809 GMT+0530 (India Standard Time) -- Press Ctrl-C to exit


Sat Mar 16 2024 23:34:38:867 GMT+0530 (India Standard Time) -- Press Ctrl-C to exit


Sat Mar 16 2024 23:35:12:681 GMT+0530 (India Standard Time) -- Press Ctrl-C to exit


Sat Mar 16 2024 23:35:40:813 GMT+0530 (India Standard Time) -- Press Ctrl-C to exit


Sat Mar 16 2024 23:35:55:923 GMT+0530 (India Standard Time) -- Press Ctrl-C to exit


Sat Mar 16 2024 23:36:09:390 GMT+0530 (India Standard Time) -- Press Ctrl-C to exit


Sat Mar 16 2024 23:36:09:906 GMT+0530 (India Standard Time) -- Press Ctrl-C to exit



Sat Mar 16 2024 23:41:43:502 GMT+0530 (India Standard Time) -- [SUCCESS] You can now access your local server(s) in our remote browser

Sat Mar 16 2024 23:41:43:713 GMT+0530 (India Standard Time) -- Press Ctrl-C to exit


Sat Mar 16 2024 23:41:44:548 GMT+0530 (India Standard Time) -- Starting configuration console on http://localhost:45454

Sun Mar 17 2024 13:54:56:384 GMT+0530 (India Standard Time) -- [SUCCESS] You can now access your local server(s) in our remote browser

Sun Mar 17 2024 13:54:56:516 GMT+0530 (India Standard Time) -- Press Ctrl-C to exit


Sun Mar 17 2024 13:54:57:595 GMT+0530 (India Standard Time) -- Starting configuration console on http://localhost:45454

Sun Mar 17 2024 14:08:19:35 GMT+0530 (India Standard Time) -- [SUCCESS] You can now access your local server(s) in our remote browser

Sun Mar 17 2024 14:08:19:128 GMT+0530 (India Standard Time) -- Press Ctrl-C to exit


Sun Mar 17 2024 14:08:20:159 GMT+0530 (India Standard Time) -- Starting configuration console on http://localhost:45454

Sun Mar 17 2024 15:43:48:933 GMT+0530 (India Standard Time) -- [SUCCESS] You can now access your local server(s) in our remote browser

Sun Mar 17 2024 15:43:49:12 GMT+0530 (India Standard Time) -- Press Ctrl-C to exit


Sun Mar 17 2024 15:43:50:5 GMT+0530 (India Standard Time) -- Starting configuration console on http://localhost:45454

Sun Mar 17 2024 16:22:48:60 GMT+0530 (India Standard Time) -- [SUCCESS] You can now access your local server(s) in our remote browser

Sun Mar 17 2024 16:22:49:159 GMT+0530 (India Standard Time) -- Starting configuration console on http://localhost:45454
Sun Mar 17 2024 16:22:50:190 GMT+0530 (India Standard Time) -- Press Ctrl-C to exit



Sun Mar 17 2024 16:23:28:493 GMT+0530 (India Standard Time) -- [SUCCESS] You can now access your local server(s) in our remote browser

Sun Mar 17 2024 16:23:28:629 GMT+0530 (India Standard Time) -- Press Ctrl-C to exit


Sun Mar 17 2024 16:23:28:836 GMT+0530 (India Standard Time) -- Starting configuration console on http://localhost:45454

Sun Mar 17 2024 16:30:14:865 GMT+0530 (India Standard Time) -- [SUCCESS] You can now access your local server(s) in our remote browser

Sun Mar 17 2024 16:30:15:907 GMT+0530 (India Standard Time) -- Starting configuration console on http://localhost:45454
Sun Mar 17 2024 16:30:16:297 GMT+0530 (India Standard Time) -- Press Ctrl-C to exit



Sun Mar 17 2024 16:33:09:753 GMT+0530 (India Standard Time) -- [SUCCESS] You can now access your local server(s) in our remote browser

Sun Mar 17 2024 16:33:09:814 GMT+0530 (India Standard Time) -- Press Ctrl-C to exit


Sun Mar 17 2024 16:33:10:880 GMT+0530 (India Standard Time) -- Starting configuration console on http://localhost:45454

Mon Mar 18 2024 00:28:02:581 GMT+0530 (India Standard Time) -- [SUCCESS] You can now access your local server(s) in our remote browser

Mon Mar 18 2024 00:28:02:798 GMT+0530 (India Standard Time) -- Press Ctrl-C to exit


Mon Mar 18 2024 00:28:03:319 GMT+0530 (India Standard Time) -- Starting configuration console on http://localhost:45454

Mon Mar 18 2024 09:02:52:238 GMT+0530 (India Standard Time) -- [SUCCESS] You can now access your local server(s) in our remote browser

Mon Mar 18 2024 09:02:52:349 GMT+0530 (India Standard Time) -- Press Ctrl-C to exit


Mon Mar 18 2024 09:02:53:433 GMT+0530 (India Standard Time) -- Starting configuration console on http://localhost:45454

Mon Mar 18 2024 09:23:18:66 GMT+0530 (India Standard Time) -- [SUCCESS] You can now access your local server(s) in our remote browser

Mon Mar 18 2024 09:23:18:285 GMT+0530 (India Standard Time) -- Press Ctrl-C to exit


Mon Mar 18 2024 09:23:18:336 GMT+0530 (India Standard Time) -- Starting configuration console on http://localhost:45454

Mon Mar 18 2024 09:26:51:278 GMT+0530 (India Standard Time) -- [SUCCESS] You can now access your local server(s) in our remote browser

Mon Mar 18 2024 09:26:51:356 GMT+0530 (India Standard Time) -- Press Ctrl-C to exit


Mon Mar 18 2024 09:26:51:658 GMT+0530 (India Standard Time) -- Starting configuration console on http://localhost:45454

Mon Mar 18 2024 09:32:11:148 GMT+0530 (India Standard Time) -- [SUCCESS] You can now access your local server(s) in our remote browser

Mon Mar 18 2024 09:32:11:352 GMT+0530 (India Standard Time) -- Press Ctrl-C to exit


Mon Mar 18 2024 09:32:11:574 GMT+0530 (India Standard Time) -- Starting configuration console on http://localhost:45454

Sat Mar 23 2024 11:46:11:137 GMT+0530 (India Standard Time) -- Starting configuration console on http://localhost:45454
Sat Mar 23 2024 11:46:11:379 GMT+0530 (India Standard Time) -- [SUCCESS] You can now access your local server(s) in our remote browser

Sat Mar 23 2024 11:46:11:454 GMT+0530 (India Standard Time) -- Press Ctrl-C to exit



Sat Mar 23 2024 11:53:20:643 GMT+0530 (India Standard Time) -- [SUCCESS] You can now access your local server(s) in our remote browser

Sat Mar 23 2024 11:53:20:713 GMT+0530 (India Standard Time) -- Press Ctrl-C to exit


Sat Mar 23 2024 11:53:21:669 GMT+0530 (India Standard Time) -- Starting configuration console on http://localhost:45454

Sat Mar 23 2024 14:19:26:132 GMT+0530 (India Standard Time) -- [SUCCESS] You can now access your local server(s) in our remote browser

Sat Mar 23 2024 14:19:26:231 GMT+0530 (India Standard Time) -- Press Ctrl-C to exit


Sat Mar 23 2024 14:19:27:134 GMT+0530 (India Standard Time) -- Starting configuration console on http://localhost:45454

Sat Mar 23 2024 14:21:52:260 GMT+0530 (India Standard Time) -- [SUCCESS] You can now access your local server(s) in our remote browser

Sat Mar 23 2024 14:21:52:364 GMT+0530 (India Standard Time) -- Press Ctrl-C to exit


Sat Mar 23 2024 14:21:52:578 GMT+0530 (India Standard Time) -- Starting configuration console on http://localhost:45454

Sat Mar 23 2024 14:24:43:865 GMT+0530 (India Standard Time) -- [SUCCESS] You can now access your local server(s) in our remote browser

Sat Mar 23 2024 14:24:43:926 GMT+0530 (India Standard Time) -- Press Ctrl-C to exit


Sat Mar 23 2024 14:24:44:785 GMT+0530 (India Standard Time) -- Starting configuration console on http://localhost:45454

Sat Mar 23 2024 14:27:28:1 GMT+0530 (India Standard Time) -- [SUCCESS] You can now access your local server(s) in our remote browser

Sat Mar 23 2024 14:27:28:63 GMT+0530 (India Standard Time) -- Press Ctrl-C to exit


Sat Mar 23 2024 14:27:28:738 GMT+0530 (India Standard Time) -- Starting configuration console on http://localhost:45454

Sat Mar 23 2024 14:34:25:705 GMT+0530 (India Standard Time) -- [SUCCESS] You can now access your local server(s) in our remote browser

Sat Mar 23 2024 14:34:25:762 GMT+0530 (India Standard Time) -- Press Ctrl-C to exit


Sat Mar 23 2024 14:34:26:721 GMT+0530 (India Standard Time) -- Starting configuration console on http://localhost:45454

Sat Mar 23 2024 14:35:21:265 GMT+0530 (India Standard Time) -- [SUCCESS] You can now access your local server(s) in our remote browser

Sat Mar 23 2024 14:35:21:326 GMT+0530 (India Standard Time) -- Press Ctrl-C to exit


Sat Mar 23 2024 14:35:22:126 GMT+0530 (India Standard Time) -- Starting configuration console on http://localhost:45454

Sat Mar 23 2024 14:52:02:300 GMT+0530 (India Standard Time) -- [SUCCESS] You can now access your local server(s) in our remote browser

Sat Mar 23 2024 14:52:02:376 GMT+0530 (India Standard Time) -- Press Ctrl-C to exit


Sat Mar 23 2024 14:52:03:161 GMT+0530 (India Standard Time) -- Starting configuration console on http://localhost:45454

Sat Mar 23 2024 14:54:32:288 GMT+0530 (India Standard Time) -- [SUCCESS] You can now access your local server(s) in our remote browser

Sat Mar 23 2024 14:54:32:365 GMT+0530 (India Standard Time) -- Press Ctrl-C to exit


Sat Mar 23 2024 14:54:33:124 GMT+0530 (India Standard Time) -- Starting configuration console on http://localhost:45454

Sat Mar 23 2024 20:40:32:448 GMT+0530 (India Standard Time) -- Starting configuration console on http://localhost:45454
Sat Mar 23 2024 20:40:32:515 GMT+0530 (India Standard Time) -- [SUCCESS] You can now access your local server(s) in our remote browser

Sat Mar 23 2024 20:40:32:647 GMT+0530 (India Standard Time) -- Press Ctrl-C to exit



Mon Mar 25 2024 18:59:31:749 GMT+0530 (India Standard Time) -- Starting configuration console on http://localhost:45454
Mon Mar 25 2024 18:59:32:259 GMT+0530 (India Standard Time) -- [SUCCESS] You can now access your local server(s) in our remote browser

Mon Mar 25 2024 18:59:32:478 GMT+0530 (India Standard Time) -- Press Ctrl-C to exit



Mon Mar 25 2024 19:02:26:384 GMT+0530 (India Standard Time) -- Starting configuration console on http://localhost:45454
Mon Mar 25 2024 19:02:27:429 GMT+0530 (India Standard Time) -- [SUCCESS] You can now access your local server(s) in our remote browser

Mon Mar 25 2024 19:02:27:522 GMT+0530 (India Standard Time) -- Press Ctrl-C to exit



Mon Mar 25 2024 19:06:38:533 GMT+0530 (India Standard Time) -- [SUCCESS] You can now access your local server(s) in our remote browser

Mon Mar 25 2024 19:06:38:749 GMT+0530 (India Standard Time) -- Starting configuration console on http://localhost:45454
Mon Mar 25 2024 19:06:39:480 GMT+0530 (India Standard Time) -- Press Ctrl-C to exit



Mon Mar 25 2024 19:08:43:944 GMT+0530 (India Standard Time) -- [SUCCESS] You can now access your local server(s) in our remote browser

Mon Mar 25 2024 19:08:44:477 GMT+0530 (India Standard Time) -- Starting configuration console on http://localhost:45454
Mon Mar 25 2024 19:08:44:899 GMT+0530 (India Standard Time) -- Press Ctrl-C to exit



Mon Mar 25 2024 19:11:29:111 GMT+0530 (India Standard Time) -- [SUCCESS] You can now access your local server(s) in our remote browser

Mon Mar 25 2024 19:11:29:188 GMT+0530 (India Standard Time) -- Press Ctrl-C to exit


Mon Mar 25 2024 19:11:30:351 GMT+0530 (India Standard Time) -- Starting configuration console on http://localhost:45454

Mon Mar 25 2024 19:13:14:339 GMT+0530 (India Standard Time) -- [SUCCESS] You can now access your local server(s) in our remote browser

Mon Mar 25 2024 19:13:14:621 GMT+0530 (India Standard Time) -- Press Ctrl-C to exit


Mon Mar 25 2024 19:13:15:397 GMT+0530 (India Standard Time) -- Starting configuration console on http://localhost:45454

Mon Mar 25 2024 19:14:50:109 GMT+0530 (India Standard Time) -- [SUCCESS] You can now access your local server(s) in our remote browser

Mon Mar 25 2024 19:14:50:187 GMT+0530 (India Standard Time) -- Press Ctrl-C to exit


Mon Mar 25 2024 19:14:50:693 GMT+0530 (India Standard Time) -- Starting configuration console on http://localhost:45454

Wed Mar 27 2024 09:01:06:127 GMT+0530 (India Standard Time) -- [SUCCESS] You can now access your local server(s) in our remote browser

Wed Mar 27 2024 09:01:07:237 GMT+0530 (India Standard Time) -- Press Ctrl-C to exit


Wed Mar 27 2024 09:01:07:320 GMT+0530 (India Standard Time) -- Starting configuration console on http://localhost:45454
